<html>
<head>
<title>TestNG:  Surefire test</title>
<link href="../testng.css" rel="stylesheet" type="text/css" />
<link href="../my-testng.css" rel="stylesheet" type="text/css" />

<style type="text/css">
.log { display: none;} 
.stack-trace { display: none;} 
</style>
<script type="text/javascript">
<!--
function flip(e) {
  current = e.style.display;
  if (current == 'block') {
    e.style.display = 'none';
    return 0;
  }
  else {
    e.style.display = 'block';
    return 1;
  }
}

function toggleBox(szDivId, elem, msg1, msg2)
{
  var res = -1;  if (document.getElementById) {
    res = flip(document.getElementById(szDivId));
  }
  else if (document.all) {
    // this is the way old msie versions work
    res = flip(document.all[szDivId]);
  }
  if(elem) {
    if(res == 0) elem.innerHTML = msg1; else elem.innerHTML = msg2;
  }

}

function toggleAllBoxes() {
  if (document.getElementsByTagName) {
    d = document.getElementsByTagName('div');
    for (i = 0; i < d.length; i++) {
      if (d[i].className == 'log') {
        flip(d[i]);
      }
    }
  }
}

// -->
</script>

</head>
<body>
<h2 align='center'>Surefire test</h2><table border='1' align="center">
<tr>
<td>Tests passed/Failed/Skipped:</td><td>13/3/0</td>
</tr><tr>
<td>Started on:</td><td>Wed May 25 20:59:10 EET 2022</td>
</tr>
<tr><td>Total time:</td><td>208 seconds (208436 ms)</td>
</tr><tr>
<td>Included groups:</td><td></td>
</tr><tr>
<td>Excluded groups:</td><td></td>
</tr>
</table><p/>
<small><i>(Hover the method name to see the test class name)</i></small><p/>
<table width='100%' border='1' class='invocation-failed'>
<tr><td colspan='4' align='center'><b>FAILED TESTS</b></td></tr>
<tr><td><b>Test method</b></td>
<td width="30%"><b>Exception</b></td>
<td width="10%"><b>Time (seconds)</b></td>
<td><b>Instance</b></td>
</tr>
<tr>
<td title='org.example.TestRunner.TestRunner.runScenario()'><b>runScenario</b><br>Test class: org.example.TestRunner.TestRunner<br>Test method: Runs Cucumber Scenarios<br>Parameters: "second slider is clickable on home page", "users will be able to open sliders in home page"</td>
<td><div><pre>java.lang.AssertionError: expected [true] but found [false]
	at org.example.StepDefinition.SD06_SliderWrapper.slider2_result(SD06_SliderWrapper.java:85)
	at ?.verify clicking on home slider2 result(file:///D:/01%20Sahar/01%20Sahar%20Files/02%20Courses/FWD/Front%20End%20Testing%20Nanodegree%20Program/Project%202%20E-commerce%20App%20Automation%20Testing/Full%20Project/E-commerce_App_Automation_Testing/src/main/resources/Features/F06_SliderWrapper.feature:24)
... Removed 6 stack frames</pre></div><a href='#' onClick='toggleBox("stack-trace304148291", this, "Click to show all stack frames", "Click to hide stack frames")'>Click to show all stack frames</a>
<div class='stack-trace' id='stack-trace304148291'><pre>java.lang.AssertionError: expected [true] but found [false]
	at org.testng.Assert.fail(Assert.java:110)
	at org.testng.Assert.failNotEquals(Assert.java:1413)
	at org.testng.Assert.assertEqualsImpl(Assert.java:149)
	at org.testng.Assert.assertEquals(Assert.java:131)
	at org.testng.Assert.assertEquals(Assert.java:976)
	at org.testng.Assert.assertEquals(Assert.java:1010)
	at org.example.StepDefinition.SD06_SliderWrapper.slider2_result(SD06_SliderWrapper.java:85)
	at ?.verify clicking on home slider2 result(file:///D:/01%20Sahar/01%20Sahar%20Files/02%20Courses/FWD/Front%20End%20Testing%20Nanodegree%20Program/Project%202%20E-commerce%20App%20Automation%20Testing/Full%20Project/E-commerce_App_Automation_Testing/src/main/resources/Features/F06_SliderWrapper.feature:24)
</pre></div></td>
<td>19</td>
<td>org.example.TestRunner.TestRunner@69a3d1d</td></tr>
<tr>
<td title='org.example.TestRunner.TestRunner.runScenario()'><b>runScenario</b><br>Test class: org.example.TestRunner.TestRunner<br>Test method: Runs Cucumber Scenarios<br>Parameters: "user opens rss link", "users could open followUs links"</td>
<td><div><pre>java.lang.AssertionError: expected [https://demo.nopcommerce.com/new-online-store-is-open] but found [https://demo.nopcommerce.com/news/rss/1]
	at org.example.StepDefinition.SD07_followUs.rss_url_result(SD07_followUs.java:131)
	at ?.verify that rss url opened(file:///D:/01%20Sahar/01%20Sahar%20Files/02%20Courses/FWD/Front%20End%20Testing%20Nanodegree%20Program/Project%202%20E-commerce%20App%20Automation%20Testing/Full%20Project/E-commerce_App_Automation_Testing/src/main/resources/Features/F07_FollowUs.feature:23)
... Removed 6 stack frames</pre></div><a href='#' onClick='toggleBox("stack-trace2083951216", this, "Click to show all stack frames", "Click to hide stack frames")'>Click to show all stack frames</a>
<div class='stack-trace' id='stack-trace2083951216'><pre>java.lang.AssertionError: expected [https://demo.nopcommerce.com/new-online-store-is-open] but found [https://demo.nopcommerce.com/news/rss/1]
	at org.testng.Assert.fail(Assert.java:110)
	at org.testng.Assert.failNotEquals(Assert.java:1413)
	at org.testng.Assert.assertEqualsImpl(Assert.java:149)
	at org.testng.Assert.assertEquals(Assert.java:131)
	at org.testng.Assert.assertEquals(Assert.java:655)
	at org.testng.Assert.assertEquals(Assert.java:665)
	at org.example.StepDefinition.SD07_followUs.rss_url_result(SD07_followUs.java:131)
	at ?.verify that rss url opened(file:///D:/01%20Sahar/01%20Sahar%20Files/02%20Courses/FWD/Front%20End%20Testing%20Nanodegree%20Program/Project%202%20E-commerce%20App%20Automation%20Testing/Full%20Project/E-commerce_App_Automation_Testing/src/main/resources/Features/F07_FollowUs.feature:23)
</pre></div></td>
<td>8</td>
<td>org.example.TestRunner.TestRunner@69a3d1d</td></tr>
<tr>
<td title='org.example.TestRunner.TestRunner.runScenario()'><b>runScenario</b><br>Test class: org.example.TestRunner.TestRunner<br>Test method: Runs Cucumber Scenarios<br>Parameters: "first slider is clickable on home page", "users will be able to open sliders in home page"</td>
<td><div><pre>org.openqa.selenium.ElementClickInterceptedException: element click intercepted: Element &lt;a href=&quot;http://demo.nopcommerce.com/&quot; aria-label=&quot;&quot; class=&quot;nivo-imageLink&quot; style=&quot;display: block;&quot;&gt;...&lt;/a&gt; is not clickable at point (951, 498). Other element would receive the click: &lt;a href=&quot;http://demo.nopcommerce.com/&quot; aria-label=&quot;&quot; class=&quot;nivo-imageLink&quot; style=&quot;display: block;&quot;&gt;...&lt;/a&gt;
  (Session info: chrome=101.0.4951.67)
Build info: version: &apos;4.1.4&apos;, revision: &apos;535d840ee2&apos;
System info: host: &apos;LAPTOP-SGIBJ7ML&apos;, ip: &apos;192.168.1.102&apos;, os.name: &apos;Windows 10&apos;, os.arch: &apos;amd64&apos;, os.version: &apos;10.0&apos;, java.version: &apos;1.8.0_333&apos;
Driver info: org.openqa.selenium.chrome.ChromeDriver
Command: [a072661b431064c0c4511e3fae488abf, clickElement {id=88e4cd38-0360-47c1-b379-a459b3a26769}]
Capabilities {acceptInsecureCerts: false, browserName: chrome, browserVersion: 101.0.4951.67, chrome: {chromedriverVersion: 101.0.4951.41 (93c720db8323..., userDataDir: C:\Users\sahar\AppData\Loca...}, goog:chromeOptions: {debuggerAddress: localhost:63281}, javascriptEnabled: true, networkConnectionEnabled: false, pageLoadStrategy: normal, platform: WINDOWS, platformName: WINDOWS, proxy: Proxy(), se:cdp: ws://localhost:63281/devtoo..., se:cdpVersion: 101.0.4951.67, setWindowRect: true, strictFileInteractability: false, timeouts: {implicit: 0, pageLoad: 300000, script: 30000}, unhandledPromptBehavior: dismiss and notify, webauthn:extension:credBlob: true, webauthn:extension:largeBlob: true, webauthn:virtualAuthenticators: true}
Element: [[ChromeDriver: chrome on WINDOWS (a072661b431064c0c4511e3fae488abf)] -&gt; xpath: //a[@href=&quot;http://demo.nopcommerce.com/&quot;][1]]
Session ID: a072661b431064c0c4511e3fae488abf
	at org.openqa.selenium.remote.codec.w3c.W3CHttpResponseCodec.createException(W3CHttpResponseCodec.java:200)
	at org.openqa.selenium.remote.codec.w3c.W3CHttpResponseCodec.decode(W3CHttpResponseCodec.java:133)
	at org.openqa.selenium.remote.codec.w3c.W3CHttpResponseCodec.decode(W3CHttpResponseCodec.java:53)
	at org.openqa.selenium.remote.HttpCommandExecutor.execute(HttpCommandExecutor.java:184)
	at org.openqa.selenium.remote.service.DriverCommandExecutor.invokeExecute(DriverCommandExecutor.java:167)
	at org.openqa.selenium.remote.service.DriverCommandExecutor.execute(DriverCommandExecutor.java:142)
	at org.openqa.selenium.remote.RemoteWebDriver.execute(RemoteWebDriver.java:567)
	at org.openqa.selenium.remote.RemoteWebElement.execute(RemoteWebElement.java:251)
	at org.openqa.selenium.remote.RemoteWebElement.click(RemoteWebElement.java:77)
	at org.example.StepDefinition.SD06_SliderWrapper.first_slider(SD06_SliderWrapper.java:52)
	at ?.user click on first slider(file:///D:/01%20Sahar/01%20Sahar%20Files/02%20Courses/FWD/Front%20End%20Testing%20Nanodegree%20Program/Project%202%20E-commerce%20App%20Automation%20Testing/Full%20Project/E-commerce_App_Automation_Testing/src/main/resources/Features/F06_SliderWrapper.feature:17)
... Removed 4 stack frames</pre></div><a href='#' onClick='toggleBox("stack-trace306016343", this, "Click to show all stack frames", "Click to hide stack frames")'>Click to show all stack frames</a>
<div class='stack-trace' id='stack-trace306016343'><pre>org.openqa.selenium.ElementClickInterceptedException: element click intercepted: Element &lt;a href=&quot;http://demo.nopcommerce.com/&quot; aria-label=&quot;&quot; class=&quot;nivo-imageLink&quot; style=&quot;display: block;&quot;&gt;...&lt;/a&gt; is not clickable at point (951, 498). Other element would receive the click: &lt;a href=&quot;http://demo.nopcommerce.com/&quot; aria-label=&quot;&quot; class=&quot;nivo-imageLink&quot; style=&quot;display: block;&quot;&gt;...&lt;/a&gt;
  (Session info: chrome=101.0.4951.67)
Build info: version: &apos;4.1.4&apos;, revision: &apos;535d840ee2&apos;
System info: host: &apos;LAPTOP-SGIBJ7ML&apos;, ip: &apos;192.168.1.102&apos;, os.name: &apos;Windows 10&apos;, os.arch: &apos;amd64&apos;, os.version: &apos;10.0&apos;, java.version: &apos;1.8.0_333&apos;
Driver info: org.openqa.selenium.chrome.ChromeDriver
Command: [a072661b431064c0c4511e3fae488abf, clickElement {id=88e4cd38-0360-47c1-b379-a459b3a26769}]
Capabilities {acceptInsecureCerts: false, browserName: chrome, browserVersion: 101.0.4951.67, chrome: {chromedriverVersion: 101.0.4951.41 (93c720db8323..., userDataDir: C:\Users\sahar\AppData\Loca...}, goog:chromeOptions: {debuggerAddress: localhost:63281}, javascriptEnabled: true, networkConnectionEnabled: false, pageLoadStrategy: normal, platform: WINDOWS, platformName: WINDOWS, proxy: Proxy(), se:cdp: ws://localhost:63281/devtoo..., se:cdpVersion: 101.0.4951.67, setWindowRect: true, strictFileInteractability: false, timeouts: {implicit: 0, pageLoad: 300000, script: 30000}, unhandledPromptBehavior: dismiss and notify, webauthn:extension:credBlob: true, webauthn:extension:largeBlob: true, webauthn:virtualAuthenticators: true}
Element: [[ChromeDriver: chrome on WINDOWS (a072661b431064c0c4511e3fae488abf)] -&gt; xpath: //a[@href=&quot;http://demo.nopcommerce.com/&quot;][1]]
Session ID: a072661b431064c0c4511e3fae488abf
	at sun.reflect.NativeConstructorAccessorImpl.newInstance0(Native Method)
	at sun.reflect.NativeConstructorAccessorImpl.newInstance(NativeConstructorAccessorImpl.java:62)
	at sun.reflect.DelegatingConstructorAccessorImpl.newInstance(DelegatingConstructorAccessorImpl.java:45)
	at java.lang.reflect.Constructor.newInstance(Constructor.java:423)
	at org.openqa.selenium.remote.codec.w3c.W3CHttpResponseCodec.createException(W3CHttpResponseCodec.java:200)
	at org.openqa.selenium.remote.codec.w3c.W3CHttpResponseCodec.decode(W3CHttpResponseCodec.java:133)
	at org.openqa.selenium.remote.codec.w3c.W3CHttpResponseCodec.decode(W3CHttpResponseCodec.java:53)
	at org.openqa.selenium.remote.HttpCommandExecutor.execute(HttpCommandExecutor.java:184)
	at org.openqa.selenium.remote.service.DriverCommandExecutor.invokeExecute(DriverCommandExecutor.java:167)
	at org.openqa.selenium.remote.service.DriverCommandExecutor.execute(DriverCommandExecutor.java:142)
	at org.openqa.selenium.remote.RemoteWebDriver.execute(RemoteWebDriver.java:567)
	at org.openqa.selenium.remote.RemoteWebElement.execute(RemoteWebElement.java:251)
	at org.openqa.selenium.remote.RemoteWebElement.click(RemoteWebElement.java:77)
	at org.example.StepDefinition.SD06_SliderWrapper.first_slider(SD06_SliderWrapper.java:52)
	at ?.user click on first slider(file:///D:/01%20Sahar/01%20Sahar%20Files/02%20Courses/FWD/Front%20End%20Testing%20Nanodegree%20Program/Project%202%20E-commerce%20App%20Automation%20Testing/Full%20Project/E-commerce_App_Automation_Testing/src/main/resources/Features/F06_SliderWrapper.feature:17)
</pre></div></td>
<td>18</td>
<td>org.example.TestRunner.TestRunner@69a3d1d</td></tr>
</table><p>
<table width='100%' border='1' class='invocation-passed'>
<tr><td colspan='4' align='center'><b>PASSED TESTS</b></td></tr>
<tr><td><b>Test method</b></td>
<td width="30%"><b>Exception</b></td>
<td width="10%"><b>Time (seconds)</b></td>
<td><b>Instance</b></td>
</tr>
<tr>
<td title='org.example.TestRunner.TestRunner.runScenario()'><b>runScenario</b><br>Test class: org.example.TestRunner.TestRunner<br>Test method: Runs Cucumber Scenarios<br>Parameters: "user opens youtube link", "users could open followUs links"</td>
<td></td>
<td>10</td>
<td>org.example.TestRunner.TestRunner@69a3d1d</td></tr>
<tr>
<td title='org.example.TestRunner.TestRunner.runScenario()'><b>runScenario</b><br>Test class: org.example.TestRunner.TestRunner<br>Test method: Runs Cucumber Scenarios<br>Parameters: "user could search using serial number of the product", "users will be able to search for products with different parameters"</td>
<td></td>
<td>6</td>
<td>org.example.TestRunner.TestRunner@69a3d1d</td></tr>
<tr>
<td title='org.example.TestRunner.TestRunner.runScenario()'><b>runScenario</b><br>Test class: org.example.TestRunner.TestRunner<br>Test method: Runs Cucumber Scenarios<br>Parameters: "user opens twitter link", "users could open followUs links"</td>
<td></td>
<td>8</td>
<td>org.example.TestRunner.TestRunner@69a3d1d</td></tr>
<tr>
<td title='org.example.TestRunner.TestRunner.runScenario()'><b>runScenario</b><br>Test class: org.example.TestRunner.TestRunner<br>Test method: Runs Cucumber Scenarios<br>Parameters: "user could search using product name", "users will be able to search for products with different parameters"</td>
<td></td>
<td>6</td>
<td>org.example.TestRunner.TestRunner@69a3d1d</td></tr>
<tr>
<td title='org.example.TestRunner.TestRunner.runScenario()'><b>runScenario</b><br>Test class: org.example.TestRunner.TestRunner<br>Test method: Runs Cucumber Scenarios<br>Parameters: "user opens facebook link", "users could open followUs links"</td>
<td></td>
<td>9</td>
<td>org.example.TestRunner.TestRunner@69a3d1d</td></tr>
<tr>
<td title='org.example.TestRunner.TestRunner.runScenario()'><b>runScenario</b><br>Test class: org.example.TestRunner.TestRunner<br>Test method: Runs Cucumber Scenarios<br>Parameters: "user could hover categories", "user could hover categories and select different category"</td>
<td></td>
<td>21</td>
<td>org.example.TestRunner.TestRunner@69a3d1d</td></tr>
<tr>
<td title='org.example.TestRunner.TestRunner.runScenario()'><b>runScenario</b><br>Test class: org.example.TestRunner.TestRunner<br>Test method: Runs Cucumber Scenarios<br>Parameters: "added products are displayed on Shopping Cart page", "users could add items to Shopping Cart"</td>
<td></td>
<td>20</td>
<td>org.example.TestRunner.TestRunner@69a3d1d</td></tr>
<tr>
<td title='org.example.TestRunner.TestRunner.runScenario()'><b>runScenario</b><br>Test class: org.example.TestRunner.TestRunner<br>Test method: Runs Cucumber Scenarios<br>Parameters: "user add products to Shopping Cart by button", "users could add items to Shopping Cart"</td>
<td></td>
<td>18</td>
<td>org.example.TestRunner.TestRunner@69a3d1d</td></tr>
<tr>
<td title='org.example.TestRunner.TestRunner.runScenario()'><b>runScenario</b><br>Test class: org.example.TestRunner.TestRunner<br>Test method: Runs Cucumber Scenarios<br>Parameters: "user could register with valid data successfully", "user should be able to create account"</td>
<td></td>
<td>15</td>
<td>org.example.TestRunner.TestRunner@69a3d1d</td></tr>
<tr>
<td title='org.example.TestRunner.TestRunner.runScenario()'><b>runScenario</b><br>Test class: org.example.TestRunner.TestRunner<br>Test method: Runs Cucumber Scenarios<br>Parameters: "User could log in with valid email and password successfully", "user should be able to log in to their account"</td>
<td></td>
<td>11</td>
<td>org.example.TestRunner.TestRunner@69a3d1d</td></tr>
<tr>
<td title='org.example.TestRunner.TestRunner.runScenario()'><b>runScenario</b><br>Test class: org.example.TestRunner.TestRunner<br>Test method: Runs Cucumber Scenarios<br>Parameters: "added products are displayed on wishList page", "users could add items to wish List"</td>
<td></td>
<td>12</td>
<td>org.example.TestRunner.TestRunner@69a3d1d</td></tr>
<tr>
<td title='org.example.TestRunner.TestRunner.runScenario()'><b>runScenario</b><br>Test class: org.example.TestRunner.TestRunner<br>Test method: Runs Cucumber Scenarios<br>Parameters: "user could switch between currencies $-€", "guest user could switch between currencies $_€"</td>
<td></td>
<td>7</td>
<td>org.example.TestRunner.TestRunner@69a3d1d</td></tr>
<tr>
<td title='org.example.TestRunner.TestRunner.runScenario()'><b>runScenario</b><br>Test class: org.example.TestRunner.TestRunner<br>Test method: Runs Cucumber Scenarios<br>Parameters: "user add products to wishList", "users could add items to wish List"</td>
<td></td>
<td>10</td>
<td>org.example.TestRunner.TestRunner@69a3d1d</td></tr>
</table><p>
</body>
</html>