-------------------------------------------------------------------------------
Test set: org.example.TestRunner.TestRunner
-------------------------------------------------------------------------------
Tests run: 16, Failures: 3, Errors: 0, Skipped: 0, Time elapsed: 206.983 s <<< FAILURE! - in org.example.TestRunner.TestRunner
runScenario(org.example.TestRunner.TestRunner)  Time elapsed: 19.458 s  <<< FAILURE!
org.openqa.selenium.ElementClickInterceptedException: 
element click intercepted: Element <a href="http://demo.nopcommerce.com/" aria-label="" class="nivo-imageLink" style="display: block;">...</a> is not clickable at point (943, 498). Other element would receive the click: <a href="http://demo.nopcommerce.com/" aria-label="" class="nivo-imageLink" style="display: block;">...</a>
  (Session info: chrome=101.0.4951.67)
Build info: version: '4.1.4', revision: '535d840ee2'
System info: host: 'LAPTOP-SGIBJ7ML', ip: '192.168.1.102', os.name: 'Windows 10', os.arch: 'amd64', os.version: '10.0', java.version: '1.8.0_333'
Driver info: org.openqa.selenium.chrome.ChromeDriver
Command: [48804eb2fec1f17bd5635802cf68656e, clickElement {id=499ec132-a74c-4e9a-9ba6-431ac1fab7f8}]
Capabilities {acceptInsecureCerts: false, browserName: chrome, browserVersion: 101.0.4951.67, chrome: {chromedriverVersion: 101.0.4951.41 (93c720db8323..., userDataDir: C:\Users\sahar\AppData\Loca...}, goog:chromeOptions: {debuggerAddress: localhost:49501}, javascriptEnabled: true, networkConnectionEnabled: false, pageLoadStrategy: normal, platform: WINDOWS, platformName: WINDOWS, proxy: Proxy(), se:cdp: ws://localhost:49501/devtoo..., se:cdpVersion: 101.0.4951.67, setWindowRect: true, strictFileInteractability: false, timeouts: {implicit: 0, pageLoad: 300000, script: 30000}, unhandledPromptBehavior: dismiss and notify, webauthn:extension:credBlob: true, webauthn:extension:largeBlob: true, webauthn:virtualAuthenticators: true}
Element: [[ChromeDriver: chrome on WINDOWS (48804eb2fec1f17bd5635802cf68656e)] -> xpath: //a[@href="http://demo.nopcommerce.com/"][1]]
Session ID: 48804eb2fec1f17bd5635802cf68656e

runScenario(org.example.TestRunner.TestRunner)  Time elapsed: 18.528 s  <<< FAILURE!
java.lang.AssertionError: expected [true] but found [false]

runScenario(org.example.TestRunner.TestRunner)  Time elapsed: 9 s  <<< FAILURE!
java.lang.AssertionError: expected [https://demo.nopcommerce.com/new-online-store-is-open] but found [https://demo.nopcommerce.com/news/rss/1]

