<?xml version="1.0" encoding="UTF-8"?>
<testng-results skipped="0" failed="3" ignored="0" total="16" passed="13">
  <reporter-output>
  </reporter-output>
  <suite name="Surefire suite" duration-ms="206272" started-at="2022-05-25T23:23:23 EET" finished-at="2022-05-25T23:26:50 EET">
    <groups>
      <group name="cucumber">
        <method signature="AbstractTestNGCucumberTests.runScenario(io.cucumber.testng.PickleWrapper,io.cucumber.testng.FeatureWrapper)[pri:0, instance:org.example.TestRunner.TestRunner@69a3d1d]" name="runScenario" class="io.cucumber.testng.AbstractTestNGCucumberTests"/>
      </group> <!-- cucumber -->
    </groups>
    <test name="Surefire test" duration-ms="206272" started-at="2022-05-25T23:23:23 EET" finished-at="2022-05-25T23:26:50 EET">
      <class name="org.example.TestRunner.TestRunner">
        <test-method status="PASS" signature="setUpClass(org.testng.ITestContext)[pri:0, instance:org.example.TestRunner.TestRunner@69a3d1d]" name="setUpClass" is-config="true" duration-ms="780" started-at="2022-05-25T23:23:23 EET" finished-at="2022-05-25T23:23:24 EET">
          <params>
            <param index="0">
              <value>
                <![CDATA[org.testng.TestRunner@10ed037a]]>
              </value>
            </param>
          </params>
          <reporter-output>
          </reporter-output>
        </test-method> <!-- setUpClass -->
        <test-method status="PASS" signature="runScenario(io.cucumber.testng.PickleWrapper,io.cucumber.testng.FeatureWrapper)[pri:0, instance:org.example.TestRunner.TestRunner@69a3d1d]" name="runScenario" duration-ms="14473" started-at="2022-05-25T23:23:24 EET" description="Runs Cucumber Scenarios" data-provider="scenarios" finished-at="2022-05-25T23:23:39 EET">
          <params>
            <param index="0">
              <value>
                <![CDATA["user could register with valid data successfully"]]>
              </value>
            </param>
            <param index="1">
              <value>
                <![CDATA["user should be able to create account"]]>
              </value>
            </param>
          </params>
          <reporter-output>
          </reporter-output>
        </test-method> <!-- runScenario -->
        <test-method status="PASS" signature="runScenario(io.cucumber.testng.PickleWrapper,io.cucumber.testng.FeatureWrapper)[pri:0, instance:org.example.TestRunner.TestRunner@69a3d1d]" name="runScenario" duration-ms="12385" started-at="2022-05-25T23:23:39 EET" description="Runs Cucumber Scenarios" data-provider="scenarios" finished-at="2022-05-25T23:23:51 EET">
          <params>
            <param index="0">
              <value>
                <![CDATA["User could log in with valid email and password successfully"]]>
              </value>
            </param>
            <param index="1">
              <value>
                <![CDATA["user should be able to log in to their account"]]>
              </value>
            </param>
          </params>
          <reporter-output>
          </reporter-output>
        </test-method> <!-- runScenario -->
        <test-method status="PASS" signature="runScenario(io.cucumber.testng.PickleWrapper,io.cucumber.testng.FeatureWrapper)[pri:0, instance:org.example.TestRunner.TestRunner@69a3d1d]" name="runScenario" duration-ms="7697" started-at="2022-05-25T23:23:51 EET" description="Runs Cucumber Scenarios" data-provider="scenarios" finished-at="2022-05-25T23:23:59 EET">
          <params>
            <param index="0">
              <value>
                <![CDATA["user could switch between currencies $-€"]]>
              </value>
            </param>
            <param index="1">
              <value>
                <![CDATA["guest user could switch between currencies $_€"]]>
              </value>
            </param>
          </params>
          <reporter-output>
          </reporter-output>
        </test-method> <!-- runScenario -->
        <test-method status="PASS" signature="runScenario(io.cucumber.testng.PickleWrapper,io.cucumber.testng.FeatureWrapper)[pri:0, instance:org.example.TestRunner.TestRunner@69a3d1d]" name="runScenario" duration-ms="20327" started-at="2022-05-25T23:23:59 EET" description="Runs Cucumber Scenarios" data-provider="scenarios" finished-at="2022-05-25T23:24:19 EET">
          <params>
            <param index="0">
              <value>
                <![CDATA["user could hover categories"]]>
              </value>
            </param>
            <param index="1">
              <value>
                <![CDATA["user could hover categories and select different category"]]>
              </value>
            </param>
          </params>
          <reporter-output>
          </reporter-output>
        </test-method> <!-- runScenario -->
        <test-method status="PASS" signature="runScenario(io.cucumber.testng.PickleWrapper,io.cucumber.testng.FeatureWrapper)[pri:0, instance:org.example.TestRunner.TestRunner@69a3d1d]" name="runScenario" duration-ms="6615" started-at="2022-05-25T23:24:19 EET" description="Runs Cucumber Scenarios" data-provider="scenarios" finished-at="2022-05-25T23:24:26 EET">
          <params>
            <param index="0">
              <value>
                <![CDATA["user could search using product name"]]>
              </value>
            </param>
            <param index="1">
              <value>
                <![CDATA["users will be able to search for products with different parameters"]]>
              </value>
            </param>
          </params>
          <reporter-output>
          </reporter-output>
        </test-method> <!-- runScenario -->
        <test-method status="PASS" signature="runScenario(io.cucumber.testng.PickleWrapper,io.cucumber.testng.FeatureWrapper)[pri:0, instance:org.example.TestRunner.TestRunner@69a3d1d]" name="runScenario" duration-ms="7304" started-at="2022-05-25T23:24:26 EET" description="Runs Cucumber Scenarios" data-provider="scenarios" finished-at="2022-05-25T23:24:33 EET">
          <params>
            <param index="0">
              <value>
                <![CDATA["user could search using serial number of the product"]]>
              </value>
            </param>
            <param index="1">
              <value>
                <![CDATA["users will be able to search for products with different parameters"]]>
              </value>
            </param>
          </params>
          <reporter-output>
          </reporter-output>
        </test-method> <!-- runScenario -->
        <test-method status="FAIL" signature="runScenario(io.cucumber.testng.PickleWrapper,io.cucumber.testng.FeatureWrapper)[pri:0, instance:org.example.TestRunner.TestRunner@69a3d1d]" name="runScenario" duration-ms="19424" started-at="2022-05-25T23:24:33 EET" description="Runs Cucumber Scenarios" data-provider="scenarios" finished-at="2022-05-25T23:24:52 EET">
          <params>
            <param index="0">
              <value>
                <![CDATA["first slider is clickable on home page"]]>
              </value>
            </param>
            <param index="1">
              <value>
                <![CDATA["users will be able to open sliders in home page"]]>
              </value>
            </param>
          </params>
          <exception class="org.openqa.selenium.ElementClickInterceptedException">
            <message>
              <![CDATA[element click intercepted: Element <a href="http://demo.nopcommerce.com/" aria-label="" class="nivo-imageLink" style="display: block;">...</a> is not clickable at point (943, 498). Other element would receive the click: <a href="http://demo.nopcommerce.com/" aria-label="" class="nivo-imageLink" style="display: block;">...</a>
  (Session info: chrome=101.0.4951.67)
Build info: version: '4.1.4', revision: '535d840ee2'
System info: host: 'LAPTOP-SGIBJ7ML', ip: '192.168.1.102', os.name: 'Windows 10', os.arch: 'amd64', os.version: '10.0', java.version: '1.8.0_333'
Driver info: org.openqa.selenium.chrome.ChromeDriver
Command: [48804eb2fec1f17bd5635802cf68656e, clickElement {id=499ec132-a74c-4e9a-9ba6-431ac1fab7f8}]
Capabilities {acceptInsecureCerts: false, browserName: chrome, browserVersion: 101.0.4951.67, chrome: {chromedriverVersion: 101.0.4951.41 (93c720db8323..., userDataDir: C:\Users\sahar\AppData\Loca...}, goog:chromeOptions: {debuggerAddress: localhost:49501}, javascriptEnabled: true, networkConnectionEnabled: false, pageLoadStrategy: normal, platform: WINDOWS, platformName: WINDOWS, proxy: Proxy(), se:cdp: ws://localhost:49501/devtoo..., se:cdpVersion: 101.0.4951.67, setWindowRect: true, strictFileInteractability: false, timeouts: {implicit: 0, pageLoad: 300000, script: 30000}, unhandledPromptBehavior: dismiss and notify, webauthn:extension:credBlob: true, webauthn:extension:largeBlob: true, webauthn:virtualAuthenticators: true}
Element: [[ChromeDriver: chrome on WINDOWS (48804eb2fec1f17bd5635802cf68656e)] -> xpath: //a[@href="http://demo.nopcommerce.com/"][1]]
Session ID: 48804eb2fec1f17bd5635802cf68656e]]>
            </message>
            <full-stacktrace>
              <![CDATA[org.openqa.selenium.ElementClickInterceptedException: element click intercepted: Element <a href="http://demo.nopcommerce.com/" aria-label="" class="nivo-imageLink" style="display: block;">...</a> is not clickable at point (943, 498). Other element would receive the click: <a href="http://demo.nopcommerce.com/" aria-label="" class="nivo-imageLink" style="display: block;">...</a>
  (Session info: chrome=101.0.4951.67)
Build info: version: '4.1.4', revision: '535d840ee2'
System info: host: 'LAPTOP-SGIBJ7ML', ip: '192.168.1.102', os.name: 'Windows 10', os.arch: 'amd64', os.version: '10.0', java.version: '1.8.0_333'
Driver info: org.openqa.selenium.chrome.ChromeDriver
Command: [48804eb2fec1f17bd5635802cf68656e, clickElement {id=499ec132-a74c-4e9a-9ba6-431ac1fab7f8}]
Capabilities {acceptInsecureCerts: false, browserName: chrome, browserVersion: 101.0.4951.67, chrome: {chromedriverVersion: 101.0.4951.41 (93c720db8323..., userDataDir: C:\Users\sahar\AppData\Loca...}, goog:chromeOptions: {debuggerAddress: localhost:49501}, javascriptEnabled: true, networkConnectionEnabled: false, pageLoadStrategy: normal, platform: WINDOWS, platformName: WINDOWS, proxy: Proxy(), se:cdp: ws://localhost:49501/devtoo..., se:cdpVersion: 101.0.4951.67, setWindowRect: true, strictFileInteractability: false, timeouts: {implicit: 0, pageLoad: 300000, script: 30000}, unhandledPromptBehavior: dismiss and notify, webauthn:extension:credBlob: true, webauthn:extension:largeBlob: true, webauthn:virtualAuthenticators: true}
Element: [[ChromeDriver: chrome on WINDOWS (48804eb2fec1f17bd5635802cf68656e)] -> xpath: //a[@href="http://demo.nopcommerce.com/"][1]]
Session ID: 48804eb2fec1f17bd5635802cf68656e
at sun.reflect.NativeConstructorAccessorImpl.newInstance0(Native Method)
at sun.reflect.NativeConstructorAccessorImpl.newInstance(NativeConstructorAccessorImpl.java:62)
at sun.reflect.DelegatingConstructorAccessorImpl.newInstance(DelegatingConstructorAccessorImpl.java:45)
at java.lang.reflect.Constructor.newInstance(Constructor.java:423)
at org.openqa.selenium.remote.codec.w3c.W3CHttpResponseCodec.createException(W3CHttpResponseCodec.java:200)
at org.openqa.selenium.remote.codec.w3c.W3CHttpResponseCodec.decode(W3CHttpResponseCodec.java:133)
at org.openqa.selenium.remote.codec.w3c.W3CHttpResponseCodec.decode(W3CHttpResponseCodec.java:53)
at org.openqa.selenium.remote.HttpCommandExecutor.execute(HttpCommandExecutor.java:184)
at org.openqa.selenium.remote.service.DriverCommandExecutor.invokeExecute(DriverCommandExecutor.java:167)
at org.openqa.selenium.remote.service.DriverCommandExecutor.execute(DriverCommandExecutor.java:142)
at org.openqa.selenium.remote.RemoteWebDriver.execute(RemoteWebDriver.java:567)
at org.openqa.selenium.remote.RemoteWebElement.execute(RemoteWebElement.java:251)
at org.openqa.selenium.remote.RemoteWebElement.click(RemoteWebElement.java:77)
at org.example.StepDefinition.SD06_SliderWrapper.first_slider(SD06_SliderWrapper.java:52)
at ✽.user click on first slider(file:///C:/Users/sahar/Project%202%20-%20E-commerce%20App%20Automation%20Testing/E-commerce_App_Automation_Testing/src/main/resources/Features/F06_SliderWrapper.feature:17)
]]>
            </full-stacktrace>
          </exception> <!-- org.openqa.selenium.ElementClickInterceptedException -->
          <reporter-output>
          </reporter-output>
        </test-method> <!-- runScenario -->
        <test-method status="FAIL" signature="runScenario(io.cucumber.testng.PickleWrapper,io.cucumber.testng.FeatureWrapper)[pri:0, instance:org.example.TestRunner.TestRunner@69a3d1d]" name="runScenario" duration-ms="18529" started-at="2022-05-25T23:24:52 EET" description="Runs Cucumber Scenarios" data-provider="scenarios" finished-at="2022-05-25T23:25:11 EET">
          <params>
            <param index="0">
              <value>
                <![CDATA["second slider is clickable on home page"]]>
              </value>
            </param>
            <param index="1">
              <value>
                <![CDATA["users will be able to open sliders in home page"]]>
              </value>
            </param>
          </params>
          <exception class="java.lang.AssertionError">
            <message>
              <![CDATA[expected [true] but found [false]]]>
            </message>
            <full-stacktrace>
              <![CDATA[java.lang.AssertionError: expected [true] but found [false]
at org.testng.Assert.fail(Assert.java:110)
at org.testng.Assert.failNotEquals(Assert.java:1413)
at org.testng.Assert.assertEqualsImpl(Assert.java:149)
at org.testng.Assert.assertEquals(Assert.java:131)
at org.testng.Assert.assertEquals(Assert.java:976)
at org.testng.Assert.assertEquals(Assert.java:1010)
at org.example.StepDefinition.SD06_SliderWrapper.slider2_result(SD06_SliderWrapper.java:85)
at ✽.verify clicking on home slider2 result(file:///C:/Users/sahar/Project%202%20-%20E-commerce%20App%20Automation%20Testing/E-commerce_App_Automation_Testing/src/main/resources/Features/F06_SliderWrapper.feature:24)
]]>
            </full-stacktrace>
          </exception> <!-- java.lang.AssertionError -->
          <reporter-output>
          </reporter-output>
        </test-method> <!-- runScenario -->
        <test-method status="PASS" signature="runScenario(io.cucumber.testng.PickleWrapper,io.cucumber.testng.FeatureWrapper)[pri:0, instance:org.example.TestRunner.TestRunner@69a3d1d]" name="runScenario" duration-ms="9071" started-at="2022-05-25T23:25:11 EET" description="Runs Cucumber Scenarios" data-provider="scenarios" finished-at="2022-05-25T23:25:20 EET">
          <params>
            <param index="0">
              <value>
                <![CDATA["user opens facebook link"]]>
              </value>
            </param>
            <param index="1">
              <value>
                <![CDATA["users could open followUs links"]]>
              </value>
            </param>
          </params>
          <reporter-output>
          </reporter-output>
        </test-method> <!-- runScenario -->
        <test-method status="PASS" signature="runScenario(io.cucumber.testng.PickleWrapper,io.cucumber.testng.FeatureWrapper)[pri:0, instance:org.example.TestRunner.TestRunner@69a3d1d]" name="runScenario" duration-ms="10304" started-at="2022-05-25T23:25:20 EET" description="Runs Cucumber Scenarios" data-provider="scenarios" finished-at="2022-05-25T23:25:30 EET">
          <params>
            <param index="0">
              <value>
                <![CDATA["user opens twitter link"]]>
              </value>
            </param>
            <param index="1">
              <value>
                <![CDATA["users could open followUs links"]]>
              </value>
            </param>
          </params>
          <reporter-output>
          </reporter-output>
        </test-method> <!-- runScenario -->
        <test-method status="FAIL" signature="runScenario(io.cucumber.testng.PickleWrapper,io.cucumber.testng.FeatureWrapper)[pri:0, instance:org.example.TestRunner.TestRunner@69a3d1d]" name="runScenario" duration-ms="9000" started-at="2022-05-25T23:25:30 EET" description="Runs Cucumber Scenarios" data-provider="scenarios" finished-at="2022-05-25T23:25:39 EET">
          <params>
            <param index="0">
              <value>
                <![CDATA["user opens rss link"]]>
              </value>
            </param>
            <param index="1">
              <value>
                <![CDATA["users could open followUs links"]]>
              </value>
            </param>
          </params>
          <exception class="java.lang.AssertionError">
            <message>
              <![CDATA[expected [https://demo.nopcommerce.com/new-online-store-is-open] but found [https://demo.nopcommerce.com/news/rss/1]]]>
            </message>
            <full-stacktrace>
              <![CDATA[java.lang.AssertionError: expected [https://demo.nopcommerce.com/new-online-store-is-open] but found [https://demo.nopcommerce.com/news/rss/1]
at org.testng.Assert.fail(Assert.java:110)
at org.testng.Assert.failNotEquals(Assert.java:1413)
at org.testng.Assert.assertEqualsImpl(Assert.java:149)
at org.testng.Assert.assertEquals(Assert.java:131)
at org.testng.Assert.assertEquals(Assert.java:655)
at org.testng.Assert.assertEquals(Assert.java:665)
at org.example.StepDefinition.SD07_followUs.rss_url_result(SD07_followUs.java:131)
at ✽.verify that rss url opened(file:///C:/Users/sahar/Project%202%20-%20E-commerce%20App%20Automation%20Testing/E-commerce_App_Automation_Testing/src/main/resources/Features/F07_FollowUs.feature:23)
]]>
            </full-stacktrace>
          </exception> <!-- java.lang.AssertionError -->
          <reporter-output>
          </reporter-output>
        </test-method> <!-- runScenario -->
        <test-method status="PASS" signature="runScenario(io.cucumber.testng.PickleWrapper,io.cucumber.testng.FeatureWrapper)[pri:0, instance:org.example.TestRunner.TestRunner@69a3d1d]" name="runScenario" duration-ms="8780" started-at="2022-05-25T23:25:39 EET" description="Runs Cucumber Scenarios" data-provider="scenarios" finished-at="2022-05-25T23:25:48 EET">
          <params>
            <param index="0">
              <value>
                <![CDATA["user opens youtube link"]]>
              </value>
            </param>
            <param index="1">
              <value>
                <![CDATA["users could open followUs links"]]>
              </value>
            </param>
          </params>
          <reporter-output>
          </reporter-output>
        </test-method> <!-- runScenario -->
        <test-method status="PASS" signature="runScenario(io.cucumber.testng.PickleWrapper,io.cucumber.testng.FeatureWrapper)[pri:0, instance:org.example.TestRunner.TestRunner@69a3d1d]" name="runScenario" duration-ms="10221" started-at="2022-05-25T23:25:48 EET" description="Runs Cucumber Scenarios" data-provider="scenarios" finished-at="2022-05-25T23:25:58 EET">
          <params>
            <param index="0">
              <value>
                <![CDATA["user add products to wishList"]]>
              </value>
            </param>
            <param index="1">
              <value>
                <![CDATA["users could add items to wish List"]]>
              </value>
            </param>
          </params>
          <reporter-output>
          </reporter-output>
        </test-method> <!-- runScenario -->
        <test-method status="PASS" signature="runScenario(io.cucumber.testng.PickleWrapper,io.cucumber.testng.FeatureWrapper)[pri:0, instance:org.example.TestRunner.TestRunner@69a3d1d]" name="runScenario" duration-ms="11554" started-at="2022-05-25T23:25:58 EET" description="Runs Cucumber Scenarios" data-provider="scenarios" finished-at="2022-05-25T23:26:10 EET">
          <params>
            <param index="0">
              <value>
                <![CDATA["added products are displayed on wishList page"]]>
              </value>
            </param>
            <param index="1">
              <value>
                <![CDATA["users could add items to wish List"]]>
              </value>
            </param>
          </params>
          <reporter-output>
          </reporter-output>
        </test-method> <!-- runScenario -->
        <test-method status="PASS" signature="runScenario(io.cucumber.testng.PickleWrapper,io.cucumber.testng.FeatureWrapper)[pri:0, instance:org.example.TestRunner.TestRunner@69a3d1d]" name="runScenario" duration-ms="19421" started-at="2022-05-25T23:26:10 EET" description="Runs Cucumber Scenarios" data-provider="scenarios" finished-at="2022-05-25T23:26:29 EET">
          <params>
            <param index="0">
              <value>
                <![CDATA["user add products to Shopping Cart by button"]]>
              </value>
            </param>
            <param index="1">
              <value>
                <![CDATA["users could add items to Shopping Cart"]]>
              </value>
            </param>
          </params>
          <reporter-output>
          </reporter-output>
        </test-method> <!-- runScenario -->
        <test-method status="PASS" signature="runScenario(io.cucumber.testng.PickleWrapper,io.cucumber.testng.FeatureWrapper)[pri:0, instance:org.example.TestRunner.TestRunner@69a3d1d]" name="runScenario" duration-ms="20140" started-at="2022-05-25T23:26:29 EET" description="Runs Cucumber Scenarios" data-provider="scenarios" finished-at="2022-05-25T23:26:49 EET">
          <params>
            <param index="0">
              <value>
                <![CDATA["added products are displayed on Shopping Cart page"]]>
              </value>
            </param>
            <param index="1">
              <value>
                <![CDATA["users could add items to Shopping Cart"]]>
              </value>
            </param>
          </params>
          <reporter-output>
          </reporter-output>
        </test-method> <!-- runScenario -->
        <test-method status="PASS" signature="tearDownClass()[pri:0, instance:org.example.TestRunner.TestRunner@69a3d1d]" name="tearDownClass" is-config="true" duration-ms="169" started-at="2022-05-25T23:26:49 EET" finished-at="2022-05-25T23:26:50 EET">
          <reporter-output>
          </reporter-output>
        </test-method> <!-- tearDownClass -->
      </class> <!-- org.example.TestRunner.TestRunner -->
    </test> <!-- Surefire test -->
  </suite> <!-- Surefire suite -->
</testng-results>
