<?xml version="1.0" encoding="UTF-8"?>
<testsuite xmlns:xsi="http://www.w3.org/2001/XMLSchema-instance" xsi:noNamespaceSchemaLocation="https://maven.apache.org/surefire/maven-surefire-plugin/xsd/surefire-test-report.xsd" name="org.example.TestRunner.TestRunner" time="209.221" tests="16" errors="0" skipped="0" failures="3">
  <properties>
[...]
</properties>
  <testcase name="runScenario" classname="org.example.TestRunner.TestRunner" time="15.575"/>
  <testcase name="runScenario" classname="org.example.TestRunner.TestRunner" time="11.64"/>
  <testcase name="runScenario" classname="org.example.TestRunner.TestRunner" time="7.63"/>
  <testcase name="runScenario" classname="org.example.TestRunner.TestRunner" time="21.241"/>
  <testcase name="runScenario" classname="org.example.TestRunner.TestRunner" time="6.697"/>
  <testcase name="runScenario" classname="org.example.TestRunner.TestRunner" time="6.68"/>
  <testcase name="runScenario" classname="org.example.TestRunner.TestRunner" time="18.4">
    <failure message="element click intercepted: Element &lt;a href=&quot;http://demo.nopcommerce.com/&quot; aria-label=&quot;&quot; class=&quot;nivo-imageLink&quot; style=&quot;display: block;&quot;&gt;...&lt;/a&gt; is not clickable at point (951, 498). Other element would receive the click: &lt;a href=&quot;http://demo.nopcommerce.com/&quot; aria-label=&quot;&quot; class=&quot;nivo-imageLink&quot; style=&quot;display: block;&quot;&gt;...&lt;/a&gt;&#10;  (Session info: chrome=101.0.4951.67)&#10;Build info: version: &apos;4.1.4&apos;, revision: &apos;535d840ee2&apos;&#10;System info: host: &apos;LAPTOP-SGIBJ7ML&apos;, ip: &apos;192.168.1.102&apos;, os.name: &apos;Windows 10&apos;, os.arch: &apos;amd64&apos;, os.version: &apos;10.0&apos;, java.version: &apos;1.8.0_333&apos;&#10;Driver info: org.openqa.selenium.chrome.ChromeDriver&#10;Command: [a072661b431064c0c4511e3fae488abf, clickElement {id=88e4cd38-0360-47c1-b379-a459b3a26769}]&#10;Capabilities {acceptInsecureCerts: false, browserName: chrome, browserVersion: 101.0.4951.67, chrome: {chromedriverVersion: 101.0.4951.41 (93c720db8323..., userDataDir: C:\Users\sahar\AppData\Loca...}, goog:chromeOptions: {debuggerAddress: localhost:63281}, javascriptEnabled: true, networkConnectionEnabled: false, pageLoadStrategy: normal, platform: WINDOWS, platformName: WINDOWS, proxy: Proxy(), se:cdp: ws://localhost:63281/devtoo..., se:cdpVersion: 101.0.4951.67, setWindowRect: true, strictFileInteractability: false, timeouts: {implicit: 0, pageLoad: 300000, script: 30000}, unhandledPromptBehavior: dismiss and notify, webauthn:extension:credBlob: true, webauthn:extension:largeBlob: true, webauthn:virtualAuthenticators: true}&#10;Element: [[ChromeDriver: chrome on WINDOWS (a072661b431064c0c4511e3fae488abf)] -&gt; xpath: //a[@href=&quot;http://demo.nopcommerce.com/&quot;][1]]&#10;Session ID: a072661b431064c0c4511e3fae488abf" type="org.openqa.selenium.ElementClickInterceptedException"><![CDATA[org.openqa.selenium.ElementClickInterceptedException: 
element click intercepted: Element <a href="http://demo.nopcommerce.com/" aria-label="" class="nivo-imageLink" style="display: block;">...</a> is not clickable at point (951, 498). Other element would receive the click: <a href="http://demo.nopcommerce.com/" aria-label="" class="nivo-imageLink" style="display: block;">...</a>
  (Session info: chrome=101.0.4951.67)
Build info: version: '4.1.4', revision: '535d840ee2'
System info: host: 'LAPTOP-SGIBJ7ML', ip: '192.168.1.102', os.name: 'Windows 10', os.arch: 'amd64', os.version: '10.0', java.version: '1.8.0_333'
Driver info: org.openqa.selenium.chrome.ChromeDriver
Command: [a072661b431064c0c4511e3fae488abf, clickElement {id=88e4cd38-0360-47c1-b379-a459b3a26769}]
Capabilities {acceptInsecureCerts: false, browserName: chrome, browserVersion: 101.0.4951.67, chrome: {chromedriverVersion: 101.0.4951.41 (93c720db8323..., userDataDir: C:\Users\sahar\AppData\Loca...}, goog:chromeOptions: {debuggerAddress: localhost:63281}, javascriptEnabled: true, networkConnectionEnabled: false, pageLoadStrategy: normal, platform: WINDOWS, platformName: WINDOWS, proxy: Proxy(), se:cdp: ws://localhost:63281/devtoo..., se:cdpVersion: 101.0.4951.67, setWindowRect: true, strictFileInteractability: false, timeouts: {implicit: 0, pageLoad: 300000, script: 30000}, unhandledPromptBehavior: dismiss and notify, webauthn:extension:credBlob: true, webauthn:extension:largeBlob: true, webauthn:virtualAuthenticators: true}
Element: [[ChromeDriver: chrome on WINDOWS (a072661b431064c0c4511e3fae488abf)] -> xpath: //a[@href="http://demo.nopcommerce.com/"][1]]
Session ID: a072661b431064c0c4511e3fae488abf
]]></failure>
    <system-out><![CDATA[Hooks Before
D:\01 Sahar\01 Sahar Files\02 Courses\FWD\Front End Testing Nanodegree Program\Project 2 E-commerce App Automation Testing\Full Project\E-commerce_App_Automation_Testing\src\main\resources\chromedriver.exe
Navigate
true

@SmokeTest
Scenario: user could register with valid data successfully      &amp#27;[90m# src/main/resources/Features/F01_Registration.feature:7&amp#27;[0m
  &amp#27;[32mGiven &amp#27;[0m&amp#27;[32muser Navigate to url&amp#27;[0m                                    &amp#27;[90m# org.example.StepDefinition.SD01_Registration.user_navigate_to_url()&amp#27;[0m
  &amp#27;[32mAnd &amp#27;[0m&amp#27;[32muser Click on Register Tab&amp#27;[0m                                &amp#27;[90m# org.example.StepDefinition.SD01_Registration.user_Click_on_Register_Tab()&amp#27;[0m
  &amp#27;[32mWhen &amp#27;[0m&amp#27;[32mClick on any Gender Option&amp#27;[0m                               &amp#27;[90m# org.example.StepDefinition.SD01_Registration.enter_Gender()&amp#27;[0m
  &amp#27;[32mAnd &amp#27;[0m&amp#27;[32mFill First Name&amp#27;[0m                                           &amp#27;[90m# org.example.StepDefinition.SD01_Registration.enter_FirstName()&amp#27;[0m
  &amp#27;[32mAnd &amp#27;[0m&amp#27;[32mFill Last Name&amp#27;[0m                                            &amp#27;[90m# org.example.StepDefinition.SD01_Registration.enter_LastName()&amp#27;[0m
  &amp#27;[32mAnd &amp#27;[0m&amp#27;[32mSelect Day&amp#27;[0m                                                &amp#27;[90m# org.example.StepDefinition.SD01_Registration.select_Day()&amp#27;[0m
  &amp#27;[32mAnd &amp#27;[0m&amp#27;[32mSelect Month&amp#27;[0m                                              &amp#27;[90m# org.example.StepDefinition.SD01_Registration.select_Month()&amp#27;[0m
  &amp#27;[32mAnd &amp#27;[0m&amp#27;[32mSelect Year&amp#27;[0m                                               &amp#27;[90m# org.example.StepDefinition.SD01_Registration.select_Year()&amp#27;[0m
  &amp#27;[32mAnd &amp#27;[0m&amp#27;[32mEnter email address&amp#27;[0m                                       &amp#27;[90m# org.example.StepDefinition.SD01_Registration.enter_Email()&amp#27;[0m
  &amp#27;[32mAnd &amp#27;[0m&amp#27;[32mEnter any company name&amp#27;[0m                                    &amp#27;[90m# org.example.StepDefinition.SD01_Registration.enter_CompanyName()&amp#27;[0m
  &amp#27;[32mAnd &amp#27;[0m&amp#27;[32mEnter any password&amp#27;[0m                                        &amp#27;[90m# org.example.StepDefinition.SD01_Registration.enter_Password()&amp#27;[0m
  &amp#27;[32mAnd &amp#27;[0m&amp#27;[32mEnter same password in Confirm password field&amp#27;[0m             &amp#27;[90m# org.example.StepDefinition.SD01_Registration.re_enter_Password()&amp#27;[0m
  &amp#27;[32mAnd &amp#27;[0m&amp#27;[32mClick on REGISTER button&amp#27;[0m                                  &amp#27;[90m# org.example.StepDefinition.SD01_Registration.register_button()&amp#27;[0m
  &amp#27;[32mThen &amp#27;[0m&amp#27;[32mSuccess message is displayed Your registration completed&amp#27;[0m &amp#27;[90m# org.example.StepDefinition.SD01_Registration.success_Message()&amp#27;[0m
  &amp#27;[32mAnd &amp#27;[0m&amp#27;[32mthe color of this message is green&amp#27;[0m                        &amp#27;[90m# org.example.StepDefinition.SD01_Registration.success_Message_color()&amp#27;[0m

@SmokeTest
Scenario: User could log in with valid email and password successfully &amp#27;[90m# src/main/resources/Features/F02_Login.feature:7&amp#27;[0m
  &amp#27;[32mGiven &amp#27;[0m&amp#27;[32muser Navigate to website url&amp#27;[0m                                   &amp#27;[90m# org.example.StepDefinition.SD02_Login.user_navigate_to_website_url()&amp#27;[0m
  &amp#27;[32mAnd &amp#27;[0m&amp#27;[32muser Click on Login Tab&amp#27;[0m                                          &amp#27;[90m# org.example.StepDefinition.SD02_Login.user_Click_on_Login_Tab()&amp#27;[0m
  &amp#27;[32mWhen &amp#27;[0m&amp#27;[32mEnter valid "&amp#27;[0m&amp#27;[32m&amp#27;[1mABCD@example.com&amp#27;[0m&amp#27;[32m" and "&amp#27;[0m&amp#27;[32m&amp#27;[1mPass123456&amp#27;[0m&amp#27;[32m"&amp#27;[0m                 &amp#27;[90m# org.example.StepDefinition.SD02_Login.login_Data(java.lang.String,java.lang.String)&amp#27;[0m
  &amp#27;[32mAnd &amp#27;[0m&amp#27;[32mClick on LOG IN button&amp#27;[0m                                           &amp#27;[90m# org.example.StepDefinition.SD02_Login.login_button()&amp#27;[0m
  &amp#27;[32mThen &amp#27;[0m&amp#27;[32mwebsite opens&amp#27;[0m                                                   &amp#27;[90m# org.example.StepDefinition.SD02_Login.website_Open()&amp#27;[0m
  &amp#27;[32mAnd &amp#27;[0m&amp#27;[32mMy account tab isDisplayed&amp#27;[0m                                       &amp#27;[90m# org.example.StepDefinition.SD02_Login.account_tab_isDisplayed()&amp#27;[0m

@SmokeTest
Scenario: user could switch between currencies $-â‚¬ &amp#27;[90m# src/main/resources/Features/F03_SwitchCurrencies.feature:8&amp#27;[0m
  &amp#27;[32mGiven &amp#27;[0m&amp#27;[32muser Navigate to The url&amp#27;[0m                   &amp#27;[90m# org.example.StepDefinition.SD03_SwitchCurrencies.user_navigate_to_the_url()&amp#27;[0m
  &amp#27;[32mWhen &amp#27;[0m&amp#27;[32muser switch currencies to "&amp#27;[0m&amp#27;[32m&amp#27;[1mEuro&amp#27;[0m&amp#27;[32m"&amp#27;[0m            &amp#27;[90m# org.example.StepDefinition.SD03_SwitchCurrencies.switch_currencies(java.lang.String)&amp#27;[0m
  &amp#27;[32mThen &amp#27;[0m&amp#27;[32mProducts display salary with Euro&amp#27;[0m           &amp#27;[90m# org.example.StepDefinition.SD03_SwitchCurrencies.check_currency()&amp#27;[0m

@SmokeTest
Scenario: user could hover categories                       &amp#27;[90m# src/main/resources/Features/F04_hoverCategories.feature:14&amp#27;[0m
  &amp#27;[32mGiven &amp#27;[0m&amp#27;[32muser navigate2 to url&amp#27;[0m                               &amp#27;[90m# org.example.StepDefinition.SD04_hoverCategories.hover_user_navigate2_to_url()&amp#27;[0m
  &amp#27;[32mAnd &amp#27;[0m&amp#27;[32muser Click on Login Tab hover&amp#27;[0m                         &amp#27;[90m# org.example.StepDefinition.SD04_hoverCategories.hover_user_Click_on_Login_Tab()&amp#27;[0m
  &amp#27;[32mAnd &amp#27;[0m&amp#27;[32mhover Enter valid "&amp#27;[0m&amp#27;[32m&amp#27;[1mABCD@example.com&amp#27;[0m&amp#27;[32m" and "&amp#27;[0m&amp#27;[32m&amp#27;[1mPass123456&amp#27;[0m&amp#27;[32m"&amp#27;[0m &amp#27;[90m# org.example.StepDefinition.SD04_hoverCategories.hover_login_Data(java.lang.String,java.lang.String)&amp#27;[0m
  &amp#27;[32mGiven &amp#27;[0m&amp#27;[32mhover My account tab isDisplayed&amp#27;[0m                    &amp#27;[90m# org.example.StepDefinition.SD04_hoverCategories.account_tab_isDisplayed()&amp#27;[0m
  &amp#27;[32mWhen &amp#27;[0m&amp#27;[32muser hover category and select subcategory&amp#27;[0m           &amp#27;[90m# org.example.StepDefinition.SD04_hoverCategories.hover_category()&amp#27;[0m
  &amp#27;[32mThen &amp#27;[0m&amp#27;[32mverify hover the result&amp#27;[0m                              &amp#27;[90m# org.example.StepDefinition.SD04_hoverCategories.search_result()&amp#27;[0m

@SmokeTest
Scenario: user could search using product name  &amp#27;[90m# src/main/resources/Features/F05_Search.feature:11&amp#27;[0m
  &amp#27;[32mGiven &amp#27;[0m&amp#27;[32muser navigate to url&amp#27;[0m                    &amp#27;[90m# org.example.StepDefinition.SD05_Search.user_navigate_to_url()&amp#27;[0m
  &amp#27;[32mGiven &amp#27;[0m&amp#27;[32mclick on search field&amp#27;[0m                   &amp#27;[90m# org.example.StepDefinition.SD05_Search.click_on_search_field()&amp#27;[0m
  &amp#27;[32mWhen &amp#27;[0m&amp#27;[32msearch for any product name like "&amp#27;[0m&amp#27;[32m&amp#27;[1mApple&amp#27;[0m&amp#27;[32m"&amp#27;[0m &amp#27;[90m# org.example.StepDefinition.SD05_Search.search_name(java.lang.String)&amp#27;[0m
  &amp#27;[32mAnd &amp#27;[0m&amp#27;[32mClick on Search Button&amp#27;[0m                    &amp#27;[90m# org.example.StepDefinition.SD05_Search.search_button_Click()&amp#27;[0m
  &amp#27;[32mThen &amp#27;[0m&amp#27;[32mverify the result&amp#27;[0m                        &amp#27;[90m# org.example.StepDefinition.SD05_Search.search_result()&amp#27;[0m

@SmokeTest
Scenario: user could search using serial number of the product &amp#27;[90m# src/main/resources/Features/F05_Search.feature:19&amp#27;[0m
  &amp#27;[32mGiven &amp#27;[0m&amp#27;[32muser navigate to url&amp#27;[0m                                   &amp#27;[90m# org.example.StepDefinition.SD05_Search.user_navigate_to_url()&amp#27;[0m
  &amp#27;[32mGiven &amp#27;[0m&amp#27;[32mclick on search field&amp#27;[0m                                  &amp#27;[90m# org.example.StepDefinition.SD05_Search.click_on_search_field()&amp#27;[0m
  &amp#27;[32mWhen &amp#27;[0m&amp#27;[32msearch for any product SKU like "&amp#27;[0m&amp#27;[32m&amp#27;[1mAS_551_LP&amp#27;[0m&amp#27;[32m"&amp#27;[0m             &amp#27;[90m# org.example.StepDefinition.SD05_Search.search_SKU(java.lang.String)&amp#27;[0m
  &amp#27;[32mAnd &amp#27;[0m&amp#27;[32mClick on Search Button&amp#27;[0m                                   &amp#27;[90m# org.example.StepDefinition.SD05_Search.search_button_Click()&amp#27;[0m
  &amp#27;[32mThen &amp#27;[0m&amp#27;[32mverify the result&amp#27;[0m                                       &amp#27;[90m# org.example.StepDefinition.SD05_Search.search_result()&amp#27;[0m

@SmokeTest
Scenario: first slider is clickable on home page             &amp#27;[90m# src/main/resources/Features/F06_SliderWrapper.feature:15&amp#27;[0m
  &amp#27;[32mGiven &amp#27;[0m&amp#27;[32muser navigate slider to url&amp#27;[0m                          &amp#27;[90m# org.example.StepDefinition.SD06_SliderWrapper.user_navigate_slider_to_url()&amp#27;[0m
  &amp#27;[32mAnd &amp#27;[0m&amp#27;[32mslider user Click on Login Tab&amp#27;[0m                         &amp#27;[90m# org.example.StepDefinition.SD06_SliderWrapper.hover_user_Click_on_Login_Tab()&amp#27;[0m
  &amp#27;[32mAnd &amp#27;[0m&amp#27;[32mslider Enter valid "&amp#27;[0m&amp#27;[32m&amp#27;[1mABCD@example.com&amp#27;[0m&amp#27;[32m" and "&amp#27;[0m&amp#27;[32m&amp#27;[1mPass123456&amp#27;[0m&amp#27;[32m"&amp#27;[0m &amp#27;[90m# org.example.StepDefinition.SD06_SliderWrapper.hover_login_Data(java.lang.String,java.lang.String)&amp#27;[0m
  &amp#27;[32mGiven &amp#27;[0m&amp#27;[32mslider My account tab isDisplayed&amp#27;[0m                    &amp#27;[90m# org.example.StepDefinition.SD06_SliderWrapper.account_tab_isDisplayed()&amp#27;[0m
  &amp#27;[31mWhen &amp#27;[0m&amp#27;[31muser click on first slider&amp#27;[0m                            &amp#27;[90m# org.exaHooks After
]]></system-out>
    <system-err><![CDATA[Starting ChromeDriver 101.0.4951.41 (93c720db8323b3ec10d056025ab95c23a31997c9-refs/branch-heads/4951@{#904}) on port 58470
Only local connections are allowed.
Please see https://chromedriver.chromium.org/security-considerations for suggestions on keeping ChromeDriver safe.
ChromeDriver was started successfully.
May 25, 2022 9:00:22 PM org.openqa.selenium.remote.ProtocolHandshake createSession
INFO: Detected dialect: W3C
May 25, 2022 9:00:22 PM org.openqa.selenium.devtools.CdpVersionFinder findNearestMatch
INFO: Found exact CDP implementation for version 101
]]></system-err>
  </testcase>
  <testcase name="runScenario" classname="org.example.TestRunner.TestRunner" time="19.836">
    <failure message="expected [true] but found [false]" type="java.lang.AssertionError">java.lang.AssertionError: expected [true] but found [false]
</failure>
    <system-out><![CDATA[Hooks Before
D:\01 Sahar\01 Sahar Files\02 Courses\FWD\Front End Testing Nanodegree Program\Project 2 E-commerce App Automation Testing\Full Project\E-commerce_App_Automation_Testing\src\main\resources\chromedriver.exe
Navigate
true
https://demo.nopcommerce.com/iphone-6
https://demo.nopcommerce.com/
Hooks After
]]></system-out>
    <system-err><![CDATA[Starting ChromeDriver 101.0.4951.41 (93c720db8323b3ec10d056025ab95c23a31997c9-refs/branch-heads/4951@{#904}) on port 59724
Only local connections are allowed.
Please see https://chromedriver.chromium.org/security-considerations for suggestions on keeping ChromeDriver safe.
ChromeDriver was started successfully.
May 25, 2022 9:00:40 PM org.openqa.selenium.remote.ProtocolHandshake createSession
INFO: Detected dialect: W3C
May 25, 2022 9:00:40 PM org.openqa.selenium.devtools.CdpVersionFinder findNearestMatch
INFO: Found exact CDP implementation for version 101
]]></system-err>
  </testcase>
  <testcase name="runScenario" classname="org.example.TestRunner.TestRunner" time="9.037"/>
  <testcase name="runScenario" classname="org.example.TestRunner.TestRunner" time="8.861"/>
  <testcase name="runScenario" classname="org.example.TestRunner.TestRunner" time="8.395">
    <failure message="expected [https://demo.nopcommerce.com/new-online-store-is-open] but found [https://demo.nopcommerce.com/news/rss/1]" type="java.lang.AssertionError">java.lang.AssertionError: expected [https://demo.nopcommerce.com/new-online-store-is-open] but found [https://demo.nopcommerce.com/news/rss/1]
</failure>
    <system-out><![CDATA[Hooks Before
D:\01 Sahar\01 Sahar Files\02 Courses\FWD\Front End Testing Nanodegree Program\Project 2 E-commerce App Automation Testing\Full Project\E-commerce_App_Automation_Testing\src\main\resources\chromedriver.exe
Navigate
Number of items in the array List:1
https://demo.nopcommerce.com/new-online-store-is-open
https://demo.nopcommerce.com/news/rss/1
Hooks After
]]></system-out>
    <system-err><![CDATA[Starting ChromeDriver 101.0.4951.41 (93c720db8323b3ec10d056025ab95c23a31997c9-refs/branch-heads/4951@{#904}) on port 51583
Only local connections are allowed.
Please see https://chromedriver.chromium.org/security-considerations for suggestions on keeping ChromeDriver safe.
ChromeDriver was started successfully.
May 25, 2022 9:01:18 PM org.openqa.selenium.remote.ProtocolHandshake createSession
INFO: Detected dialect: W3C
May 25, 2022 9:01:18 PM org.openqa.selenium.devtools.CdpVersionFinder findNearestMatch
INFO: Found exact CDP implementation for version 101
]]></system-err>
  </testcase>
  <testcase name="runScenario" classname="org.example.TestRunner.TestRunner" time="10.634"/>
  <testcase name="runScenario" classname="org.example.TestRunner.TestRunner" time="10.861"/>
  <testcase name="runScenario" classname="org.example.TestRunner.TestRunner" time="12.858"/>
  <testcase name="runScenario" classname="org.example.TestRunner.TestRunner" time="18.279"/>
  <testcase name="runScenario" classname="org.example.TestRunner.TestRunner" time="20.661"/>
</testsuite>